X:\Documents\Visual Studio 2012\Projects\Tenary Search\bin\Debug\x64\C++.lib
X:\Documents\Visual Studio 2012\Projects\Tenary Search\bin\Debug\x64\C++.exp
X:\DOCUMENTS\VISUAL STUDIO 2012\PROJECTS\TENARY SEARCH\C++\X64\DEBUG\DOTCODER.OBJ
X:\DOCUMENTS\VISUAL STUDIO 2012\PROJECTS\TENARY SEARCH\C++\X64\DEBUG\ENGINE.OBJ
X:\DOCUMENTS\VISUAL STUDIO 2012\PROJECTS\TENARY SEARCH\C++\X64\DEBUG\KEYLOADER.OBJ
X:\DOCUMENTS\VISUAL STUDIO 2012\PROJECTS\TENARY SEARCH\C++\X64\DEBUG\TST.OBJ
X:\DOCUMENTS\VISUAL STUDIO 2012\PROJECTS\TENARY SEARCH\C++\X64\DEBUG\TSTWRAPPER.OBJ
X:\DOCUMENTS\VISUAL STUDIO 2012\PROJECTS\TENARY SEARCH\C++\X64\DEBUG\VC110.PDB
X:\DOCUMENTS\VISUAL STUDIO 2012\PROJECTS\TENARY SEARCH\BIN\DEBUG\X64\C++.ILK
X:\DOCUMENTS\VISUAL STUDIO 2012\PROJECTS\TENARY SEARCH\BIN\DEBUG\X64\C++.DLL
X:\DOCUMENTS\VISUAL STUDIO 2012\PROJECTS\TENARY SEARCH\BIN\DEBUG\X64\C++.PDB
X:\Documents\Visual Studio 2012\Projects\Tenary Search\C++\x64\Debug\DotCoder.obj
X:\Documents\Visual Studio 2012\Projects\Tenary Search\C++\x64\Debug\Engine.obj
X:\Documents\Visual Studio 2012\Projects\Tenary Search\C++\x64\Debug\KeyLoader.obj
X:\Documents\Visual Studio 2012\Projects\Tenary Search\C++\x64\Debug\TST.obj
X:\Documents\Visual Studio 2012\Projects\Tenary Search\C++\x64\Debug\TSTWrapper.obj
X:\Documents\Visual Studio 2012\Projects\Tenary Search\C++\x64\Debug\C++.write.1.tlog
X:\Documents\Visual Studio 2012\Projects\Tenary Search\C++\x64\Debug\cl.command.1.tlog
X:\Documents\Visual Studio 2012\Projects\Tenary Search\C++\x64\Debug\CL.read.1.tlog
X:\Documents\Visual Studio 2012\Projects\Tenary Search\C++\x64\Debug\CL.write.1.tlog
X:\Documents\Visual Studio 2012\Projects\Tenary Search\C++\x64\Debug\link-cvtres.read.1.tlog
X:\Documents\Visual Studio 2012\Projects\Tenary Search\C++\x64\Debug\link-cvtres.write.1.tlog
X:\Documents\Visual Studio 2012\Projects\Tenary Search\C++\x64\Debug\link-rc.read.1.tlog
X:\Documents\Visual Studio 2012\Projects\Tenary Search\C++\x64\Debug\link-rc.write.1.tlog
X:\Documents\Visual Studio 2012\Projects\Tenary Search\C++\x64\Debug\link.command.1.tlog
X:\Documents\Visual Studio 2012\Projects\Tenary Search\C++\x64\Debug\link.read.1.tlog
X:\Documents\Visual Studio 2012\Projects\Tenary Search\C++\x64\Debug\link.write.1.tlog
X:\Documents\Visual Studio 2012\Projects\Tenary Search\C++\x64\Debug\vc110.idb
X:\Documents\Visual Studio 2012\Projects\Tenary Search\C++\x64\Debug\vc110.pdb
X:\Documents\Visual Studio 2012\Projects\Tenary Search\\bin\Debug\x64\C++.pdb
X:\Documents\Visual Studio 2012\Projects\Tenary Search\\bin\Debug\x64\C++.dll
X:\Documents\Visual Studio 2012\Projects\Tenary Search\\bin\Debug\x64\C++.ilk
