Build started 2016-03-23 16:19:11.
     1>Project "X:\Documents\GitHub\Ternary-Search-Tree\C++\C++.vcxproj" on node 2 (Build target(s)).
     1>ClCompile:
         X:\Program Files (x86)\Microsoft Visual Studio 11.0\VC\bin\x86_amd64\CL.exe /c /Zi /nologo /W3 /WX- /sdl /Od /D _WINDLL /D _MBCS /Gm /EHsc /RTC1 /MDd /GS /fp:precise /Zc:wchar_t /Zc:forScope /Fo"x64\Debug\\" /Fd"x64\Debug\vc110.pdb" /Gd /TP /errorReport:prompt source\Engine\DotCoder.cpp source\Engine\Engine.cpp source\Engine\KeyLoader.cpp source\TST\TST.cpp source\Wrapper\TSTWrapper.cpp
         TSTWrapper.cpp
         TST.cpp
         KeyLoader.cpp
         Engine.cpp
         DotCoder.cpp
         Generating Code...
       Link:
         X:\Program Files (x86)\Microsoft Visual Studio 11.0\VC\bin\x86_amd64\link.exe /ERRORREPORT:PROMPT /OUT:"X:\Documents\GitHub\Ternary-Search-Tree\\bin\Debug\x64\C++.dll" /INCREMENTAL /NOLOGO kernel32.lib user32.lib gdi32.lib winspool.lib comdlg32.lib advapi32.lib shell32.lib ole32.lib oleaut32.lib uuid.lib odbc32.lib odbccp32.lib /MANIFEST /MANIFESTUAC:"level='asInvoker' uiAccess='false'" /manifest:embed /DEBUG /PDB:"X:\Documents\GitHub\Ternary-Search-Tree\\bin\Debug\x64\C++.pdb" /TLBID:1 /DYNAMICBASE /NXCOMPAT /IMPLIB:"X:\Documents\GitHub\Ternary-Search-Tree\\bin\Debug\x64\C++.lib" /MACHINE:X64 /DLL x64\Debug\DotCoder.obj
         x64\Debug\Engine.obj
         x64\Debug\KeyLoader.obj
         x64\Debug\TST.obj
         x64\Debug\TSTWrapper.obj
            Creating library X:\Documents\GitHub\Ternary-Search-Tree\\bin\Debug\x64\C++.lib and object X:\Documents\GitHub\Ternary-Search-Tree\\bin\Debug\x64\C++.exp
         C++.vcxproj -> X:\Documents\GitHub\Ternary-Search-Tree\\bin\Debug\x64\C++.dll
     1>Done Building Project "X:\Documents\GitHub\Ternary-Search-Tree\C++\C++.vcxproj" (Build target(s)).

Build succeeded.

Time Elapsed 00:00:02.28
