X:\DOCUMENTS\VISUAL STUDIO 2012\PROJECTS\TENARY SEARCH\CLI\X64\RELEASE\C++CLIWRAPPER.OBJ
X:\DOCUMENTS\VISUAL STUDIO 2012\PROJECTS\TENARY SEARCH\CLI\X64\RELEASE\ASSEMBLYINFO.OBJ
X:\DOCUMENTS\VISUAL STUDIO 2012\PROJECTS\TENARY SEARCH\CLI\X64\RELEASE\VC110.PDB
X:\DOCUMENTS\VISUAL STUDIO 2012\PROJECTS\TENARY SEARCH\CLI\X64\RELEASE\.NETFRAMEWORK,VERSION=V4.0.ASSEMBLYATTRIBUTES.OBJ
X:\Documents\Visual Studio 2012\Projects\Tenary Search\bin\Release\x64\CLI.lib
X:\Documents\Visual Studio 2012\Projects\Tenary Search\bin\Release\x64\CLI.exp
X:\DOCUMENTS\VISUAL STUDIO 2012\PROJECTS\TENARY SEARCH\BIN\RELEASE\X64\CLI.DLL
X:\DOCUMENTS\VISUAL STUDIO 2012\PROJECTS\TENARY SEARCH\BIN\RELEASE\X64\CLI.PDB
X:\Documents\Visual Studio 2012\Projects\Tenary Search\CLI\x64\Release\CLI.vcxprojResolveAssemblyReference.cache
X:\Documents\Visual Studio 2012\Projects\Tenary Search\CLI\x64\Release\.NETFramework,Version=v4.0.AssemblyAttributes.obj
X:\Documents\Visual Studio 2012\Projects\Tenary Search\CLI\x64\Release\AssemblyInfo.obj
X:\Documents\Visual Studio 2012\Projects\Tenary Search\CLI\x64\Release\C++CLIWrapper.obj
X:\Documents\Visual Studio 2012\Projects\Tenary Search\CLI\x64\Release\cl.command.1.tlog
X:\Documents\Visual Studio 2012\Projects\Tenary Search\CLI\x64\Release\CL.read.1.tlog
X:\Documents\Visual Studio 2012\Projects\Tenary Search\CLI\x64\Release\CL.write.1.tlog
X:\Documents\Visual Studio 2012\Projects\Tenary Search\CLI\x64\Release\CLI.write.1.tlog
X:\Documents\Visual Studio 2012\Projects\Tenary Search\CLI\x64\Release\link-cvtres.read.1.tlog
X:\Documents\Visual Studio 2012\Projects\Tenary Search\CLI\x64\Release\link-cvtres.write.1.tlog
X:\Documents\Visual Studio 2012\Projects\Tenary Search\CLI\x64\Release\link-rc.read.1.tlog
X:\Documents\Visual Studio 2012\Projects\Tenary Search\CLI\x64\Release\link-rc.write.1.tlog
X:\Documents\Visual Studio 2012\Projects\Tenary Search\CLI\x64\Release\link.command.1.tlog
X:\Documents\Visual Studio 2012\Projects\Tenary Search\CLI\x64\Release\link.read.1.tlog
X:\Documents\Visual Studio 2012\Projects\Tenary Search\CLI\x64\Release\link.write.1.tlog
X:\Documents\Visual Studio 2012\Projects\Tenary Search\CLI\x64\Release\metagen.read.1.tlog
X:\Documents\Visual Studio 2012\Projects\Tenary Search\CLI\x64\Release\metagen.write.1.tlog
X:\Documents\Visual Studio 2012\Projects\Tenary Search\CLI\x64\Release\vc110.pdb
X:\Documents\Visual Studio 2012\Projects\Tenary Search\CLI\x64\Release\TZRES.DLL.bi
X:\Documents\Visual Studio 2012\Projects\Tenary Search\\bin\Release\x64\CLI.pdb
X:\Documents\Visual Studio 2012\Projects\Tenary Search\\bin\Release\x64\CLI.dll
