X:\DOCUMENTS\VISUAL STUDIO 2012\PROJECTS\TENARY SEARCH\CLI\X64\DEBUG\C++CLIWRAPPER.OBJ
X:\DOCUMENTS\VISUAL STUDIO 2012\PROJECTS\TENARY SEARCH\CLI\X64\DEBUG\ASSEMBLYINFO.OBJ
X:\DOCUMENTS\VISUAL STUDIO 2012\PROJECTS\TENARY SEARCH\CLI\X64\DEBUG\VC110.PDB
X:\DOCUMENTS\VISUAL STUDIO 2012\PROJECTS\TENARY SEARCH\CLI\X64\DEBUG\.NETFRAMEWORK,VERSION=V4.0.ASSEMBLYATTRIBUTES.OBJ
X:\Documents\Visual Studio 2012\Projects\Tenary Search\bin\Debug\x64\CLI.lib
X:\Documents\Visual Studio 2012\Projects\Tenary Search\bin\Debug\x64\CLI.exp
X:\DOCUMENTS\VISUAL STUDIO 2012\PROJECTS\TENARY SEARCH\BIN\DEBUG\X64\CLI.ILK
X:\DOCUMENTS\VISUAL STUDIO 2012\PROJECTS\TENARY SEARCH\BIN\DEBUG\X64\CLI.DLL
X:\DOCUMENTS\VISUAL STUDIO 2012\PROJECTS\TENARY SEARCH\BIN\DEBUG\X64\CLI.PDB
X:\Documents\Visual Studio 2012\Projects\Tenary Search\CLI\x64\Debug\CLI.vcxprojResolveAssemblyReference.cache
X:\Documents\Visual Studio 2012\Projects\Tenary Search\CLI\x64\Debug\.NETFramework,Version=v4.0.AssemblyAttributes.obj
X:\Documents\Visual Studio 2012\Projects\Tenary Search\CLI\x64\Debug\AssemblyInfo.obj
X:\Documents\Visual Studio 2012\Projects\Tenary Search\CLI\x64\Debug\C++CLIWrapper.obj
X:\Documents\Visual Studio 2012\Projects\Tenary Search\CLI\x64\Debug\cl.command.1.tlog
X:\Documents\Visual Studio 2012\Projects\Tenary Search\CLI\x64\Debug\CL.read.1.tlog
X:\Documents\Visual Studio 2012\Projects\Tenary Search\CLI\x64\Debug\CL.write.1.tlog
X:\Documents\Visual Studio 2012\Projects\Tenary Search\CLI\x64\Debug\CLI.write.1.tlog
X:\Documents\Visual Studio 2012\Projects\Tenary Search\CLI\x64\Debug\link.3808-cvtres.read.1.tlog
X:\Documents\Visual Studio 2012\Projects\Tenary Search\CLI\x64\Debug\link.3808-cvtres.write.1.tlog
X:\Documents\Visual Studio 2012\Projects\Tenary Search\CLI\x64\Debug\link.3808-rc.read.1.tlog
X:\Documents\Visual Studio 2012\Projects\Tenary Search\CLI\x64\Debug\link.3808-rc.write.1.tlog
X:\Documents\Visual Studio 2012\Projects\Tenary Search\CLI\x64\Debug\link.3808.read.1.tlog
X:\Documents\Visual Studio 2012\Projects\Tenary Search\CLI\x64\Debug\link.3808.write.1.tlog
X:\Documents\Visual Studio 2012\Projects\Tenary Search\CLI\x64\Debug\link.command.1.tlog
X:\Documents\Visual Studio 2012\Projects\Tenary Search\CLI\x64\Debug\link.read.1.tlog
X:\Documents\Visual Studio 2012\Projects\Tenary Search\CLI\x64\Debug\link.write.1.tlog
X:\Documents\Visual Studio 2012\Projects\Tenary Search\CLI\x64\Debug\metagen.read.1.tlog
X:\Documents\Visual Studio 2012\Projects\Tenary Search\CLI\x64\Debug\metagen.write.1.tlog
X:\Documents\Visual Studio 2012\Projects\Tenary Search\CLI\x64\Debug\vc110.pdb
X:\Documents\Visual Studio 2012\Projects\Tenary Search\CLI\x64\Debug\TZRES.DLL.bi
X:\Documents\Visual Studio 2012\Projects\Tenary Search\\bin\Debug\x64\CLI.pdb
X:\Documents\Visual Studio 2012\Projects\Tenary Search\\bin\Debug\x64\CLI.dll
X:\Documents\Visual Studio 2012\Projects\Tenary Search\\bin\Debug\x64\CLI.ilk
