X:\Documents\Visual Studio 2012\Projects\Tenary Search\bin\Release\x64\C++.lib
X:\Documents\Visual Studio 2012\Projects\Tenary Search\bin\Release\x64\C++.exp
X:\DOCUMENTS\VISUAL STUDIO 2012\PROJECTS\TENARY SEARCH\C++\X64\RELEASE\TSTWRAPPER.OBJ
X:\DOCUMENTS\VISUAL STUDIO 2012\PROJECTS\TENARY SEARCH\C++\X64\RELEASE\TST.OBJ
X:\DOCUMENTS\VISUAL STUDIO 2012\PROJECTS\TENARY SEARCH\C++\X64\RELEASE\KEYLOADER.OBJ
X:\DOCUMENTS\VISUAL STUDIO 2012\PROJECTS\TENARY SEARCH\C++\X64\RELEASE\ENGINE.OBJ
X:\DOCUMENTS\VISUAL STUDIO 2012\PROJECTS\TENARY SEARCH\C++\X64\RELEASE\DOTCODER.OBJ
X:\DOCUMENTS\VISUAL STUDIO 2012\PROJECTS\TENARY SEARCH\C++\X64\RELEASE\VC110.PDB
X:\DOCUMENTS\VISUAL STUDIO 2012\PROJECTS\TENARY SEARCH\BIN\RELEASE\X64\C++.DLL
X:\DOCUMENTS\VISUAL STUDIO 2012\PROJECTS\TENARY SEARCH\BIN\RELEASE\X64\C++.PDB
X:\Documents\Visual Studio 2012\Projects\Tenary Search\C++\x64\Release\DotCoder.obj
X:\Documents\Visual Studio 2012\Projects\Tenary Search\C++\x64\Release\Engine.obj
X:\Documents\Visual Studio 2012\Projects\Tenary Search\C++\x64\Release\KeyLoader.obj
X:\Documents\Visual Studio 2012\Projects\Tenary Search\C++\x64\Release\TST.obj
X:\Documents\Visual Studio 2012\Projects\Tenary Search\C++\x64\Release\TSTWrapper.obj
X:\Documents\Visual Studio 2012\Projects\Tenary Search\C++\x64\Release\C++.write.1.tlog
X:\Documents\Visual Studio 2012\Projects\Tenary Search\C++\x64\Release\cl.command.1.tlog
X:\Documents\Visual Studio 2012\Projects\Tenary Search\C++\x64\Release\CL.read.1.tlog
X:\Documents\Visual Studio 2012\Projects\Tenary Search\C++\x64\Release\CL.write.1.tlog
X:\Documents\Visual Studio 2012\Projects\Tenary Search\C++\x64\Release\link-cvtres.read.1.tlog
X:\Documents\Visual Studio 2012\Projects\Tenary Search\C++\x64\Release\link-cvtres.write.1.tlog
X:\Documents\Visual Studio 2012\Projects\Tenary Search\C++\x64\Release\link-rc.read.1.tlog
X:\Documents\Visual Studio 2012\Projects\Tenary Search\C++\x64\Release\link-rc.write.1.tlog
X:\Documents\Visual Studio 2012\Projects\Tenary Search\C++\x64\Release\link.command.1.tlog
X:\Documents\Visual Studio 2012\Projects\Tenary Search\C++\x64\Release\link.read.1.tlog
X:\Documents\Visual Studio 2012\Projects\Tenary Search\C++\x64\Release\link.write.1.tlog
X:\Documents\Visual Studio 2012\Projects\Tenary Search\C++\x64\Release\vc110.pdb
X:\Documents\Visual Studio 2012\Projects\Tenary Search\\bin\Release\x64\C++.pdb
X:\Documents\Visual Studio 2012\Projects\Tenary Search\\bin\Release\x64\C++.dll
